<?xml version="1.0" encoding="UTF-8"?>
<testsuite name="JUnit Jupiter" tests="0" skipped="0" failures="0" errors="0" time="0.003" hostname="wso2s-MacBook-Pro-2.local" timestamp="2019-10-04T04:09:54">
<properties>
<property name="awt.toolkit" value="sun.lwawt.macosx.LWCToolkit"/>
<property name="file.encoding" value="UTF-8"/>
<property name="file.separator" value="/"/>
<property name="java.awt.graphicsenv" value="sun.awt.CGraphicsEnvironment"/>
<property name="java.class.path" value="/Users/wso2/projects/ix/pcf/osb-test/osb-checker-kotlin/build/classes/java/test:/Users/wso2/projects/ix/pcf/osb-test/osb-checker-kotlin/build/classes/kotlin/test:/Users/wso2/projects/ix/pcf/osb-test/osb-checker-kotlin/build/resources/test:/Users/wso2/projects/ix/pcf/osb-test/osb-checker-kotlin/build/classes/java/main:/Users/wso2/projects/ix/pcf/osb-test/osb-checker-kotlin/build/classes/kotlin/main:/Users/wso2/projects/ix/pcf/osb-test/osb-checker-kotlin/build/resources/main:/Users/wso2/.gradle/caches/modules-2/files-2.1/commons-cli/commons-cli/1.4/c51c00206bb913cd8612b24abd9fa98ae89719b1/commons-cli-1.4.jar:/Users/wso2/.gradle/caches/modules-2/files-2.1/com.fasterxml.jackson.module/jackson-module-kotlin/2.9.5/3e73e80ff0285a776954252f61c22e4059ee5267/jackson-module-kotlin-2.9.5.jar:/Users/wso2/.gradle/caches/modules-2/files-2.1/org.jetbrains.kotlin/kotlin-reflect/1.3.50/b499f22fd7c3e9c2e5b6c4005221fa47fc7f9a7a/kotlin-reflect-1.3.50.jar:/Users/wso2/.gradle/caches/modules-2/files-2.1/org.jetbrains.kotlin/kotlin-test-junit/1.3.50/683d3cf68b1bf58e0fb4529abd46c796d55fb7cd/kotlin-test-junit-1.3.50.jar:/Users/wso2/.gradle/caches/modules-2/files-2.1/org.jetbrains.kotlin/kotlin-test/1.3.50/92a66b17cc20735cfb1438512210b643813f7516/kotlin-test-1.3.50.jar:/Users/wso2/.gradle/caches/modules-2/files-2.1/io.rest-assured/kotlin-extensions/4.1.1/c80d269c41130bed1b6aa9991f353d10da04f4fe/kotlin-extensions-4.1.1.jar:/Users/wso2/.gradle/caches/modules-2/files-2.1/org.jetbrains.kotlin/kotlin-stdlib-jdk8/1.3.50/bf65725d4ae2cf00010d84e945fcbc201f590e11/kotlin-stdlib-jdk8-1.3.50.jar:/Users/wso2/.gradle/caches/modules-2/files-2.1/org.jetbrains.kotlin/kotlin-stdlib-jdk7/1.3.50/50ad05ea1c2595fb31b800e76db464d08d599af3/kotlin-stdlib-jdk7-1.3.50.jar:/Users/wso2/.gradle/caches/modules-2/files-2.1/org.jetbrains.kotlin/kotlin-stdlib/1.3.50/b529d1738c7e98bbfa36a4134039528f2ce78ebf/kotlin-stdlib-1.3.50.jar:/Users/wso2/.gradle/caches/modules-2/files-2.1/org.springframework.boot/spring-boot-starter-test/2.0.1.RELEASE/d6204ede44fa7e1df01d25509837bfa4b767fa28/spring-boot-starter-test-2.0.1.RELEASE.jar:/Users/wso2/.gradle/caches/modules-2/files-2.1/org.springframework.boot/spring-boot-starter/1.5.12.RELEASE/e4f0748fa765a0416638920058289f6db6ee0e36/spring-boot-starter-1.5.12.RELEASE.jar:/Users/wso2/.gradle/caches/modules-2/files-2.1/io.rest-assured/json-schema-validator/4.1.1/97a02b0c8b1dde7650706d287b811a9d3dded5ee/json-schema-validator-4.1.1.jar:/Users/wso2/.gradle/caches/modules-2/files-2.1/com.github.java-json-tools/json-schema-validator/2.2.10/bc3206079bdea41d4f751eb32b73ce2c9cdcea7b/json-schema-validator-2.2.10.jar:/Users/wso2/.gradle/caches/modules-2/files-2.1/com.github.java-json-tools/json-schema-core/1.2.10/12f7cbebacca86d6358dabcdcf63f2bc750387b8/json-schema-core-1.2.10.jar:/Users/wso2/.gradle/caches/modules-2/files-2.1/com.github.java-json-tools/jackson-coreutils/1.9/28586d71187cb3df89436e6851f846260aa8cf63/jackson-coreutils-1.9.jar:/Users/wso2/.gradle/caches/modules-2/files-2.1/com.fasterxml.jackson.core/jackson-databind/2.9.5/3490508379d065fe3fcb80042b62f630f7588606/jackson-databind-2.9.5.jar:/Users/wso2/.gradle/caches/modules-2/files-2.1/io.rest-assured/rest-assured/4.1.1/b71fe22132e61cd574be032c96b1e667e95e9b5d/rest-assured-4.1.1.jar:/Users/wso2/.gradle/caches/modules-2/files-2.1/io.rest-assured/rest-assured-all/4.1.1/164133bc072ccf3c833277c83b0cd6b56ff32f72/rest-assured-all-4.1.1.jar:/Users/wso2/.gradle/caches/modules-2/files-2.1/org.hamcrest/hamcrest-all/1.3/63a21ebc981131004ad02e0434e799fd7f3a8d5a/hamcrest-all-1.3.jar:/Users/wso2/.gradle/caches/modules-2/files-2.1/org.junit.platform/junit-platform-launcher/1.2.0/ea230ba8c0b71943d4dd2bb215ca29041c89966e/junit-platform-launcher-1.2.0.jar:/Users/wso2/.gradle/caches/modules-2/files-2.1/org.junit.jupiter/junit-jupiter-engine/5.2.0/de87318ccd3dfa1a98ebfef792d362776f1914de/junit-jupiter-engine-5.2.0.jar:/Users/wso2/.gradle/caches/modules-2/files-2.1/org.junit.jupiter/junit-jupiter-api/5.2.0/9cd901df48d88d8e605a6ccb2c3f140c92db6bf2/junit-jupiter-api-5.2.0.jar:/Users/wso2/.gradle/caches/modules-2/files-2.1/org.jetbrains.kotlin/kotlin-test-common/1.3.50/667fd8bfc2db0bd546f3b90fe15fe83648437bea/kotlin-test-common-1.3.50.jar:/Users/wso2/.gradle/caches/modules-2/files-2.1/org.jetbrains.kotlin/kotlin-test-annotations-common/1.3.50/714afde80cb3ee60d41775469cf7412ae622869b/kotlin-test-annotations-common-1.3.50.jar:/Users/wso2/.gradle/caches/modules-2/files-2.1/org.jetbrains.kotlin/kotlin-stdlib-common/1.3.50/3d9cd3e1bc7b92e95f43d45be3bfbcf38e36ab87/kotlin-stdlib-common-1.3.50.jar:/Users/wso2/.gradle/caches/modules-2/files-2.1/org.jetbrains/annotations/13.0/919f0dfe192fb4e063e7dacadee7f8bb9a2672a9/annotations-13.0.jar:/Users/wso2/.gradle/caches/modules-2/files-2.1/org.springframework.boot/spring-boot-test-autoconfigure/2.0.1.RELEASE/c7a68c07f2a04323a67740f91d20818ec2e783b3/spring-boot-test-autoconfigure-2.0.1.RELEASE.jar:/Users/wso2/.gradle/caches/modules-2/files-2.1/org.springframework.boot/spring-boot-autoconfigure/2.0.1.RELEASE/b0bf9d34ed70c6987a86cd58a009065e5fa02545/spring-boot-autoconfigure-2.0.1.RELEASE.jar:/Users/wso2/.gradle/caches/modules-2/files-2.1/org.springframework.boot/spring-boot-test/2.0.1.RELEASE/77cede07b0e9da6c87d0dabcfe3e53ac56747d73/spring-boot-test-2.0.1.RELEASE.jar:/Users/wso2/.gradle/caches/modules-2/files-2.1/org.springframework.boot/spring-boot/2.0.1.RELEASE/b8c5b14cbb0e52fdded8f98a8c1493cc74c7cf59/spring-boot-2.0.1.RELEASE.jar:/Users/wso2/.gradle/caches/modules-2/files-2.1/org.springframework.boot/spring-boot-starter-logging/2.0.1.RELEASE/10681a28c95e9f9c0159327a1ed0c860517c7ad7/spring-boot-starter-logging-2.0.1.RELEASE.jar:/Users/wso2/.gradle/caches/modules-2/files-2.1/org.springframework/spring-test/5.0.5.RELEASE/f7e3b83447e54056a91de1294ae6888343648dff/spring-test-5.0.5.RELEASE.jar:/Users/wso2/.gradle/caches/modules-2/files-2.1/org.springframework/spring-context/5.0.5.RELEASE/9cca4bf5acb693249a01c218f471c677b951d6e2/spring-context-5.0.5.RELEASE.jar:/Users/wso2/.gradle/caches/modules-2/files-2.1/org.springframework/spring-aop/5.0.5.RELEASE/b11b61b94d7fb752a1c9bf3461d655c3084fae47/spring-aop-5.0.5.RELEASE.jar:/Users/wso2/.gradle/caches/modules-2/files-2.1/org.springframework/spring-beans/5.0.5.RELEASE/984445863c0bbdaaf860615762d998b471a6bf92/spring-beans-5.0.5.RELEASE.jar:/Users/wso2/.gradle/caches/modules-2/files-2.1/org.springframework/spring-expression/5.0.5.RELEASE/fc6c7a95aeb7d00f4c65c338b08d97767eb0dd99/spring-expression-5.0.5.RELEASE.jar:/Users/wso2/.gradle/caches/modules-2/files-2.1/org.springframework/spring-core/5.0.5.RELEASE/1bd9feb1d9dac6accd27f5244b6c47cfcb55045c/spring-core-5.0.5.RELEASE.jar:/Users/wso2/.gradle/caches/modules-2/files-2.1/org.yaml/snakeyaml/1.19/2d998d3d674b172a588e54ab619854d073f555b5/snakeyaml-1.19.jar:/Users/wso2/.gradle/caches/modules-2/files-2.1/com.fasterxml.jackson.core/jackson-annotations/2.9.0/7c10d545325e3a6e72e06381afe469fd40eb701/jackson-annotations-2.9.0.jar:/Users/wso2/.gradle/caches/modules-2/files-2.1/com.fasterxml.jackson.core/jackson-core/2.9.5/a22ac51016944b06fd9ffbc9541c6e7ce5eea117/jackson-core-2.9.5.jar:/Users/wso2/.gradle/caches/modules-2/files-2.1/io.rest-assured/xml-path/3.0.7/175683707be16e97bf2955bc6a5ca9c4407f084b/xml-path-3.0.7.jar:/Users/wso2/.gradle/caches/modules-2/files-2.1/org.codehaus.groovy/groovy-xml/2.4.15/40865f59469e6b0808c9c304bd17038997220c72/groovy-xml-2.4.15.jar:/Users/wso2/.gradle/caches/modules-2/files-2.1/io.rest-assured/json-path/3.0.7/b88986affb0a464b65facb734065e36a500d0cd/json-path-3.0.7.jar:/Users/wso2/.gradle/caches/modules-2/files-2.1/org.codehaus.groovy/groovy-json/2.4.15/f6f6890181821246398cd44ba1fdf74f55717697/groovy-json-2.4.15.jar:/Users/wso2/.gradle/caches/modules-2/files-2.1/io.rest-assured/rest-assured-common/3.0.7/db26519055c660180c654dc6b239445865a27281/rest-assured-common-3.0.7.jar:/Users/wso2/.gradle/caches/modules-2/files-2.1/org.codehaus.groovy/groovy/2.4.15/74b7e0b99526c569e3a59cb84dbcc6204d601ee6/groovy-2.4.15.jar:/Users/wso2/.gradle/caches/modules-2/files-2.1/org.apache.httpcomponents/httpmime/4.5.5/8281b24b8a493374cd2aa8a90c4156588f7dbcb6/httpmime-4.5.5.jar:/Users/wso2/.gradle/caches/modules-2/files-2.1/org.apache.httpcomponents/httpclient/4.5.5/1603dfd56ebcd583ccdf337b6c3984ac55d89e58/httpclient-4.5.5.jar:/Users/wso2/.gradle/caches/modules-2/files-2.1/org.hamcrest/hamcrest/2.1/9420ba32c29217b54eebd26ff7f9234d31c3fbb2/hamcrest-2.1.jar:/Users/wso2/.gradle/caches/modules-2/files-2.1/org.ccil.cowan.tagsoup/tagsoup/1.2.1/5584627487e984c03456266d3f8802eb85a9ce97/tagsoup-1.2.1.jar:/Users/wso2/.gradle/caches/modules-2/files-2.1/org.apache.commons/commons-lang3/3.7/557edd918fd41f9260963583ebf5a61a43a6b423/commons-lang3-3.7.jar:/Users/wso2/.gradle/caches/modules-2/files-2.1/javax.xml.bind/jaxb-api/2.3.0/99f802e0cb3e953ba3d6e698795c4aeb98d37c48/jaxb-api-2.3.0.jar:/Users/wso2/.gradle/caches/modules-2/files-2.1/javax.activation/javax.activation-api/1.2.0/85262acf3ca9816f9537ca47d5adeabaead7cb16/javax.activation-api-1.2.0.jar:/Users/wso2/.gradle/caches/modules-2/files-2.1/com.sun.xml.bind/jaxb-osgi/2.3.0.1/57fd487367b130a35395d0ea0e765bfb1833902c/jaxb-osgi-2.3.0.1.jar:/Users/wso2/.gradle/caches/modules-2/files-2.1/org.apache.sling/org.apache.sling.javax.activation/0.1.0/606ef790ce33d9cd6b892c47cc2a9508efc57698/org.apache.sling.javax.activation-0.1.0.jar:/Users/wso2/.gradle/caches/modules-2/files-2.1/javax.mail/mailapi/1.4.3/124600e35d9031da50e5f67661ffa741541f8f6a/mailapi-1.4.3.jar:/Users/wso2/.gradle/caches/modules-2/files-2.1/javax.activation/activation/1.1.1/485de3a253e23f645037828c07f1d7f1af40763a/activation-1.1.1.jar:/Users/wso2/.gradle/caches/modules-2/files-2.1/junit/junit/4.12/2973d150c0dc1fefe998f834810d68f278ea58ec/junit-4.12.jar:/Users/wso2/.gradle/caches/modules-2/files-2.1/com.jayway.jsonpath/json-path/2.4.0/765a4401ceb2dc8d40553c2075eb80a8fa35c2ae/json-path-2.4.0.jar:/Users/wso2/.gradle/caches/modules-2/files-2.1/org.assertj/assertj-core/3.9.1/c5ce126b15f28d56cd8f960c1a6a058b9c9aea87/assertj-core-3.9.1.jar:/Users/wso2/.gradle/caches/modules-2/files-2.1/org.mockito/mockito-core/2.15.0/b84bfbbc29cd22c9529409627af6ea2897f4fa85/mockito-core-2.15.0.jar:/Users/wso2/.gradle/caches/modules-2/files-2.1/org.hamcrest/hamcrest-library/1.3/4785a3c21320980282f9f33d0d1264a69040538f/hamcrest-library-1.3.jar:/Users/wso2/.gradle/caches/modules-2/files-2.1/org.hamcrest/hamcrest-core/1.3/42a25dc3219429f0e5d060061f71acb49bf010a0/hamcrest-core-1.3.jar:/Users/wso2/.gradle/caches/modules-2/files-2.1/org.skyscreamer/jsonassert/1.5.0/6c9d5fe2f59da598d9aefc1cfc6528ff3cf32df3/jsonassert-1.5.0.jar:/Users/wso2/.gradle/caches/modules-2/files-2.1/org.xmlunit/xmlunit-core/2.5.1/4ffdb346572a7356f7521cd3119ce5287d2e339d/xmlunit-core-2.5.1.jar:/Users/wso2/.gradle/caches/modules-2/files-2.1/org.junit.platform/junit-platform-engine/1.2.0/35fa3529ce843ada1a10b0909ccb4a8148ee638d/junit-platform-engine-1.2.0.jar:/Users/wso2/.gradle/caches/modules-2/files-2.1/org.junit.platform/junit-platform-commons/1.2.0/dbce1d822d3dc6c61703b340cd79018518685451/junit-platform-commons-1.2.0.jar:/Users/wso2/.gradle/caches/modules-2/files-2.1/org.apiguardian/apiguardian-api/1.0.0/3ef5276905e36f4d8055fe3cb0bdcc7503ffc85d/apiguardian-api-1.0.0.jar:/Users/wso2/.gradle/caches/modules-2/files-2.1/org.opentest4j/opentest4j/1.1.0/c8e2a3e3bc7f3e4bb5075306452db5290f9b117a/opentest4j-1.1.0.jar:/Users/wso2/.gradle/caches/modules-2/files-2.1/ch.qos.logback/logback-classic/1.2.3/7c4f3c474fb2c041d8028740440937705ebb473a/logback-classic-1.2.3.jar:/Users/wso2/.gradle/caches/modules-2/files-2.1/org.apache.logging.log4j/log4j-to-slf4j/2.10.0/f7e631ccf49cfc0aefa4a2a728da7d374c05bd3c/log4j-to-slf4j-2.10.0.jar:/Users/wso2/.gradle/caches/modules-2/files-2.1/org.slf4j/jul-to-slf4j/1.7.25/af5364cd6679bfffb114f0dec8a157aaa283b76/jul-to-slf4j-1.7.25.jar:/Users/wso2/.gradle/caches/modules-2/files-2.1/org.springframework/spring-jcl/5.0.5.RELEASE/f4a2854b9d865e8b86717595aec16f877f8c6489/spring-jcl-5.0.5.RELEASE.jar:/Users/wso2/.gradle/caches/modules-2/files-2.1/org.apache.httpcomponents/httpcore/4.4.9/a86ce739e5a7175b4b234c290a00a5fdb80957a0/httpcore-4.4.9.jar:/Users/wso2/.gradle/caches/modules-2/files-2.1/commons-codec/commons-codec/1.11/3acb4705652e16236558f0f4f2192cc33c3bd189/commons-codec-1.11.jar:/Users/wso2/.gradle/caches/modules-2/files-2.1/joda-time/joda-time/2.9.9/f7b520c458572890807d143670c9b24f4de90897/joda-time-2.9.9.jar:/Users/wso2/.gradle/caches/modules-2/files-2.1/com.googlecode.libphonenumber/libphonenumber/8.0.0/ce021971974ee6a26572e43eaba7edf184c3c63d/libphonenumber-8.0.0.jar:/Users/wso2/.gradle/caches/modules-2/files-2.1/com.github.fge/uri-template/0.9/ab1ad5804d3c7d640f21059085df5be340e97929/uri-template-0.9.jar:/Users/wso2/.gradle/caches/modules-2/files-2.1/com.github.fge/msg-simple/1.1/f261263e13dd4cfa93cc6b83f1f58f619097a2c4/msg-simple-1.1.jar:/Users/wso2/.gradle/caches/modules-2/files-2.1/com.github.fge/btf/1.2/9e66651022eb86301b348d57e6f59459effc343b/btf-1.2.jar:/Users/wso2/.gradle/caches/modules-2/files-2.1/com.google.code.findbugs/jsr305/3.0.1/f7be08ec23c21485b9b5a1cf1654c2ec8c58168d/jsr305-3.0.1.jar:/Users/wso2/.gradle/caches/modules-2/files-2.1/net.sf.jopt-simple/jopt-simple/5.0.3/cdd846cfc4e0f7eefafc02c0f5dce32b9303aa2a/jopt-simple-5.0.3.jar:/Users/wso2/.gradle/caches/modules-2/files-2.1/net.minidev/json-smart/2.3/7396407491352ce4fa30de92efb158adb76b5b/json-smart-2.3.jar:/Users/wso2/.gradle/caches/modules-2/files-2.1/org.slf4j/slf4j-api/1.7.25/da76ca59f6a57ee3102f8f9bd9cee742973efa8a/slf4j-api-1.7.25.jar:/Users/wso2/.gradle/caches/modules-2/files-2.1/net.bytebuddy/byte-buddy/1.7.11/f02857a4e2c66ccbe7aaad6100a0a6c461bce9b3/byte-buddy-1.7.11.jar:/Users/wso2/.gradle/caches/modules-2/files-2.1/net.bytebuddy/byte-buddy-agent/1.7.11/b425a8933ca07edd03c6dbc8bc3b595fba9780de/byte-buddy-agent-1.7.11.jar:/Users/wso2/.gradle/caches/modules-2/files-2.1/org.objenesis/objenesis/2.6/639033469776fd37c08358c6b92a4761feb2af4b/objenesis-2.6.jar:/Users/wso2/.gradle/caches/modules-2/files-2.1/com.vaadin.external.google/android-json/0.0.20131108.vaadin1/fa26d351fe62a6a17f5cda1287c1c6110dec413f/android-json-0.0.20131108.vaadin1.jar:/Users/wso2/.gradle/caches/modules-2/files-2.1/ch.qos.logback/logback-core/1.2.3/864344400c3d4d92dfeb0a305dc87d953677c03c/logback-core-1.2.3.jar:/Users/wso2/.gradle/caches/modules-2/files-2.1/org.apache.logging.log4j/log4j-api/2.10.0/fec5797a55b786184a537abd39c3fa1449d752d6/log4j-api-2.10.0.jar:/Users/wso2/.gradle/caches/modules-2/files-2.1/org.mozilla/rhino/1.7.7.1/2e8f8ebc42e5df8bcef5c78dd44387176c9aa98e/rhino-1.7.7.1.jar:/Users/wso2/.gradle/caches/modules-2/files-2.1/net.minidev/accessors-smart/1.2/c592b500269bfde36096641b01238a8350f8aa31/accessors-smart-1.2.jar:/Users/wso2/.gradle/caches/modules-2/files-2.1/com.google.guava/guava/16.0.1/5fa98cd1a63c99a44dd8d3b77e4762b066a5d0c5/guava-16.0.1.jar:/Users/wso2/.gradle/caches/modules-2/files-2.1/org.ow2.asm/asm/5.0.4/da08b8cce7bbf903602a25a3a163ae252435795/asm-5.0.4.jar:/Users/wso2/.gradle/caches/modules-2/files-2.1/org.junit.platform/junit-platform-console/1.0.0/2931079616796bc4537f7e3c236f8fdfe7e51237/junit-platform-console-1.0.0.jar:/Users/wso2/.gradle/caches/modules-2/files-2.1/org.junit.platform/junit-platform-launcher/1.0.0/5602a195a442636276efefce2a4c7b418cd67e5c/junit-platform-launcher-1.0.0.jar:/Users/wso2/.gradle/caches/modules-2/files-2.1/org.junit.platform/junit-platform-engine/1.0.0/fdc6f63a689b894529ea5e9e218b65422748fd/junit-platform-engine-1.0.0.jar:/Users/wso2/.gradle/caches/modules-2/files-2.1/org.junit.platform/junit-platform-commons/1.0.0/d2e03d9b21020746d48fe45834ff7d71fbcbd7b2/junit-platform-commons-1.0.0.jar:/Users/wso2/.gradle/caches/modules-2/files-2.1/org.opentest4j/opentest4j/1.0.0/6f09c598e9ff64bf0ce2fa7e7de49a99ba83c0b4/opentest4j-1.0.0.jar"/>
<property name="java.class.version" value="56.0"/>
<property name="java.home" value="/Library/Java/JavaVirtualMachines/adoptopenjdk-12.jdk/Contents/Home"/>
<property name="java.io.tmpdir" value="/var/folders/hc/pq2xpz5s2sgg678w3yrh7kbc0000gn/T/"/>
<property name="java.library.path" value="/Users/wso2/Library/Java/Extensions:/Library/Java/Extensions:/Network/Library/Java/Extensions:/System/Library/Java/Extensions:/usr/lib/java:."/>
<property name="java.runtime.name" value="OpenJDK Runtime Environment"/>
<property name="java.runtime.version" value="12.0.2+10"/>
<property name="java.specification.name" value="Java Platform API Specification"/>
<property name="java.specification.vendor" value="Oracle Corporation"/>
<property name="java.specification.version" value="12"/>
<property name="java.vendor" value="AdoptOpenJDK"/>
<property name="java.vendor.url" value="https://adoptopenjdk.net/"/>
<property name="java.vendor.url.bug" value="https://github.com/AdoptOpenJDK/openjdk-build/issues"/>
<property name="java.vendor.version" value="AdoptOpenJDK"/>
<property name="java.version" value="12.0.2"/>
<property name="java.version.date" value="2019-07-16"/>
<property name="java.vm.compressedOopsMode" value="Zero based"/>
<property name="java.vm.info" value="mixed mode"/>
<property name="java.vm.name" value="OpenJDK 64-Bit Server VM"/>
<property name="java.vm.specification.name" value="Java Virtual Machine Specification"/>
<property name="java.vm.specification.vendor" value="Oracle Corporation"/>
<property name="java.vm.specification.version" value="12"/>
<property name="java.vm.vendor" value="AdoptOpenJDK"/>
<property name="java.vm.version" value="12.0.2+10"/>
<property name="jdk.debug" value="release"/>
<property name="line.separator" value="
"/>
<property name="os.arch" value="x86_64"/>
<property name="os.name" value="Mac OS X"/>
<property name="os.version" value="10.14"/>
<property name="path.separator" value=":"/>
<property name="sun.arch.data.model" value="64"/>
<property name="sun.boot.library.path" value="/Library/Java/JavaVirtualMachines/adoptopenjdk-12.jdk/Contents/Home/lib"/>
<property name="sun.cpu.endian" value="little"/>
<property name="sun.io.unicode.encoding" value="UnicodeBig"/>
<property name="sun.java.command" value="org.junit.platform.console.ConsoleLauncher --details NONE --scan-class-path /Users/wso2/projects/ix/pcf/osb-test/osb-checker-kotlin/build/classes/java/main:/Users/wso2/projects/ix/pcf/osb-test/osb-checker-kotlin/build/classes/kotlin/main:/Users/wso2/projects/ix/pcf/osb-test/osb-checker-kotlin/build/resources/main:/Users/wso2/projects/ix/pcf/osb-test/osb-checker-kotlin/build/classes/java/test:/Users/wso2/projects/ix/pcf/osb-test/osb-checker-kotlin/build/classes/kotlin/test:/Users/wso2/projects/ix/pcf/osb-test/osb-checker-kotlin/build/resources/test -n ^.*Tests?$ --reports-dir /Users/wso2/projects/ix/pcf/osb-test/osb-checker-kotlin/build/test-results/junit-platform"/>
<property name="sun.java.launcher" value="SUN_STANDARD"/>
<property name="sun.jnu.encoding" value="UTF-8"/>
<property name="sun.management.compiler" value="HotSpot 64-Bit Tiered Compilers"/>
<property name="user.country" value="GB"/>
<property name="user.dir" value="/Users/wso2/projects/ix/pcf/osb-test/osb-checker-kotlin"/>
<property name="user.home" value="/Users/wso2"/>
<property name="user.language" value="en"/>
<property name="user.name" value="wso2"/>
<property name="user.timezone" value="Asia/Colombo"/>
<property name="user.variant" value=""/>
</properties>
<system-out><![CDATA[
unique-id: [engine:junit-jupiter]
display-name: JUnit Jupiter
]]></system-out>
</testsuite>
